-------------------------------------------------------------------------------
Test set: project.assignment1.character.CharacterTests
-------------------------------------------------------------------------------
Tests run: 9, Failures: 9, Errors: 0, Skipped: 0, Time elapsed: 0.051 s <<< FAILURE! - in project.assignment1.character.CharacterTests
checkMonsterClassFailedfulAttack(project.assignment1.character.CharacterTests)  Time elapsed: 0.005 s  <<< FAILURE!
java.lang.AssertionError: [47m[30mMake sure the class Monster implements method hurtCharacter() as per T1.4 and all previous tasks have been completed.[0mjava.lang.AssertionError: expected:<100> but was:<-1>
	at project.assignment1.character.CharacterTests.checkMonsterClassFailedfulAttack(CharacterTests.java:152)

checkIfMonsterDecidesRandomly(project.assignment1.character.CharacterTests)  Time elapsed: 0.01 s  <<< FAILURE!
java.lang.AssertionError: [47m[30mMake sure the class Monster contains a method decideMove() as per T4.2 and all previous tasks have been completed.[0mjava.lang.AssertionError: [47m[30mIs your method Monster.decideMove() really random Our test on 100k tries shows that these many decisions were generated for each category up:0 down:0 left:0 right:0 See task 1.5 instructions[0m
	at project.assignment1.character.CharacterTests.checkIfMonsterDecidesRandomly(CharacterTests.java:325)

checkHealthFunctionality(project.assignment1.character.CharacterTests)  Time elapsed: 0.001 s  <<< FAILURE!
java.lang.AssertionError: [47m[30mMake sure the class GameCharacter contains methods getHealth()and setHealth() as per T1.3 [0mjava.lang.AssertionError: expected:<100> but was:<-1>
	at project.assignment1.character.CharacterTests.checkHealthFunctionality(CharacterTests.java:86)

checkIfPlayerDefenceLooksRandom(project.assignment1.character.CharacterTests)  Time elapsed: 0.004 s  <<< FAILURE!
java.lang.AssertionError: [47m[30mMake sure the class Monster implements method hurtCharacter() as per T1.4 and all previous tasks have been completed.[0mjava.lang.AssertionError: [47m[30mIs your method Player.successfulDefence () really 30/70? Our test on 100k tries shows 100000:0 See task 1.5 instructions[0m
	at project.assignment1.character.CharacterTests.checkIfPlayerDefenceLooksRandom(CharacterTests.java:282)

checkIfMonsterDefenceLooksRandom(project.assignment1.character.CharacterTests)  Time elapsed: 0.004 s  <<< FAILURE!
java.lang.AssertionError: [47m[30mMake sure the class Monster implements method hurtCharacter() as per T1.4 and all previous tasks have been completed.[0mjava.lang.AssertionError: [47m[30mIs your method Monster.successfulDefence () really random?[0m
	at project.assignment1.character.CharacterTests.checkIfMonsterDefenceLooksRandom(CharacterTests.java:184)

checkPlayerClassSuccesfulAttack(project.assignment1.character.CharacterTests)  Time elapsed: 0.001 s  <<< FAILURE!
java.lang.AssertionError: [47m[30mMake sure the class Monster implements method hurtCharacter() as per T1.4 and all previous tasks have been completed.[0mjava.lang.AssertionError: expected:<50> but was:<-1>
	at project.assignment1.character.CharacterTests.checkPlayerClassSuccesfulAttack(CharacterTests.java:217)

checkMonsterClassSuccesfulAttack(project.assignment1.character.CharacterTests)  Time elapsed: 0 s  <<< FAILURE!
java.lang.AssertionError: [47m[30mMake sure the class Monster implements method hurtCharacter() as per T1.4 and all previous tasks have been completed.[0mjava.lang.AssertionError: expected:<80> but was:<-1>
	at project.assignment1.character.CharacterTests.checkMonsterClassSuccesfulAttack(CharacterTests.java:119)

checkSayName(project.assignment1.character.CharacterTests)  Time elapsed: 0.002 s  <<< FAILURE!
java.lang.AssertionError: [47m[30mMake sure the constructor of GameCharacter class is modified and sayName() method exist as per T1.2 [0morg.junit.ComparisonFailure: expected:<[milan]> but was:<[]>
	at project.assignment1.character.CharacterTests.checkSayName(CharacterTests.java:59)

checkPlayerClassFailedfulAttack(project.assignment1.character.CharacterTests)  Time elapsed: 0 s  <<< FAILURE!
java.lang.AssertionError: [47m[30mMake sure the class Monster implements method hurtCharacter() as per T1.4 and all previous tasks have been completed.[0mjava.lang.AssertionError: expected:<100> but was:<-1>
	at project.assignment1.character.CharacterTests.checkPlayerClassFailedfulAttack(CharacterTests.java:250)

