<?xml version="1.0" encoding="UTF-8"?>
<testsuite xmlns:xsi="http://www.w3.org/2001/XMLSchema-instance" xsi:noNamespaceSchemaLocation="https://maven.apache.org/surefire/maven-surefire-plugin/xsd/surefire-test-report.xsd" name="project.assignment1.character.CharacterTests" time="0.068" tests="9" errors="0" skipped="0" failures="3">
  <properties>
    <property name="java.specification.version" value="17"/>
    <property name="sun.cpu.isalist" value="amd64"/>
    <property name="sun.jnu.encoding" value="Cp1252"/>
    <property name="java.class.path" value="C:\Users\mgary2\Desktop\ca1\rename-student_name\target\test-classes;C:\Users\mgary2\Desktop\ca1\rename-student_name\target\classes;C:\Users\mgary2\.m2\repository\junit\junit\4.11\junit-4.11.jar;C:\Users\mgary2\.m2\repository\org\hamcrest\hamcrest-core\1.3\hamcrest-core-1.3.jar;"/>
    <property name="java.vm.vendor" value="Oracle Corporation"/>
    <property name="sun.arch.data.model" value="64"/>
    <property name="user.variant" value=""/>
    <property name="java.vendor.url" value="https://java.oracle.com/"/>
    <property name="user.timezone" value="America/New_York"/>
    <property name="os.name" value="Windows 10"/>
    <property name="java.vm.specification.version" value="17"/>
    <property name="sun.java.launcher" value="SUN_STANDARD"/>
    <property name="user.country" value="US"/>
    <property name="sun.boot.library.path" value="C:\Program Files\Java\jdk-17.0.1\bin"/>
    <property name="sun.java.command" value="C:\Users\mgary2\AppData\Local\Temp\surefire1496557372130416169\surefirebooter3935500380739091962.jar C:\Users\mgary2\AppData\Local\Temp\surefire1496557372130416169 2021-11-11T17-35-02_607-jvmRun1 surefire5996775310323518641tmp surefire_02451868612606480850tmp"/>
    <property name="jdk.debug" value="release"/>
    <property name="surefire.test.class.path" value="C:\Users\mgary2\Desktop\ca1\rename-student_name\target\test-classes;C:\Users\mgary2\Desktop\ca1\rename-student_name\target\classes;C:\Users\mgary2\.m2\repository\junit\junit\4.11\junit-4.11.jar;C:\Users\mgary2\.m2\repository\org\hamcrest\hamcrest-core\1.3\hamcrest-core-1.3.jar;"/>
    <property name="sun.cpu.endian" value="little"/>
    <property name="user.home" value="C:\Users\mgary2"/>
    <property name="user.language" value="en"/>
    <property name="java.specification.vendor" value="Oracle Corporation"/>
    <property name="java.version.date" value="2021-10-19"/>
    <property name="java.home" value="C:\Program Files\Java\jdk-17.0.1"/>
    <property name="file.separator" value="\"/>
    <property name="basedir" value="C:\Users\mgary2\Desktop\ca1\rename-student_name"/>
    <property name="java.vm.compressedOopsMode" value="Zero based"/>
    <property name="line.separator" value="&#10;"/>
    <property name="java.vm.specification.vendor" value="Oracle Corporation"/>
    <property name="java.specification.name" value="Java Platform API Specification"/>
    <property name="surefire.real.class.path" value="C:\Users\mgary2\AppData\Local\Temp\surefire1496557372130416169\surefirebooter3935500380739091962.jar"/>
    <property name="user.script" value=""/>
    <property name="sun.management.compiler" value="HotSpot 64-Bit Tiered Compilers"/>
    <property name="java.runtime.version" value="17.0.1+12-LTS-39"/>
    <property name="user.name" value="mgary2"/>
    <property name="path.separator" value=";"/>
    <property name="os.version" value="10.0"/>
    <property name="java.runtime.name" value="Java(TM) SE Runtime Environment"/>
    <property name="file.encoding" value="Cp1252"/>
    <property name="java.vm.name" value="Java HotSpot(TM) 64-Bit Server VM"/>
    <property name="localRepository" value="C:\Users\mgary2\.m2\repository"/>
    <property name="java.vendor.url.bug" value="https://bugreport.java.com/bugreport/"/>
    <property name="java.io.tmpdir" value="C:\Users\mgary2\AppData\Local\Temp\"/>
    <property name="java.version" value="17.0.1"/>
    <property name="user.dir" value="C:\Users\mgary2\Desktop\ca1\rename-student_name"/>
    <property name="os.arch" value="amd64"/>
    <property name="java.vm.specification.name" value="Java Virtual Machine Specification"/>
    <property name="sun.os.patch.level" value=""/>
    <property name="native.encoding" value="Cp1252"/>
    <property name="java.library.path" value="C:\Program Files\Java\jdk-17.0.1\bin;C:\Windows\Sun\Java\bin;C:\Windows\system32;C:\Windows;C:\Users\mgary2\bin;C:\Program Files\Git\mingw64\bin;C:\Program Files\Git\usr\local\bin;C:\Program Files\Git\usr\bin;C:\Program Files\Git\usr\bin;C:\Program Files\Git\mingw64\bin;C:\Program Files\Git\usr\bin;C:\Users\mgary2\bin;C:\Users\mgary2\Downloads\apache-maven-3.8.3-bin\apache-maven-3.8.3\bin;C:\Users\mgary2\AppData\Local\Microsoft\WindowsApps;C:\Program Files\Git\usr\bin\vendor_perl;C:\Program Files\Git\usr\bin\core_perl;."/>
    <property name="java.vm.info" value="mixed mode, sharing"/>
    <property name="java.vendor" value="Oracle Corporation"/>
    <property name="java.vm.version" value="17.0.1+12-LTS-39"/>
    <property name="sun.io.unicode.encoding" value="UnicodeLittle"/>
    <property name="java.class.version" value="61.0"/>
  </properties>
  <testcase name="checkMonsterClassFailedfulAttack" classname="project.assignment1.character.CharacterTests" time="0.002"/>
  <testcase name="checkIfMonsterDecidesRandomly" classname="project.assignment1.character.CharacterTests" time="0.014">
    <failure message="&amp;#27;[47m&amp;#27;[30mMake sure the class Monster contains a method decideMove() as per T4.2 and all previous tasks have been completed.&amp;#27;[0mjava.lang.AssertionError: &amp;#27;[47m&amp;#27;[30mIs your method Monster.decideMove() really random Our test on 100k tries shows that these many decisions were generated for each category up:0 down:0 left:0 right:0 See task 1.5 instructions&amp;#27;[0m" type="java.lang.AssertionError"><![CDATA[java.lang.AssertionError: &amp#27;[47m&amp#27;[30mMake sure the class Monster contains a method decideMove() as per T4.2 and all previous tasks have been completed.&amp#27;[0mjava.lang.AssertionError: &amp#27;[47m&amp#27;[30mIs your method Monster.decideMove() really random Our test on 100k tries shows that these many decisions were generated for each category up:0 down:0 left:0 right:0 See task 1.5 instructions&amp#27;[0m
	at project.assignment1.character.CharacterTests.checkIfMonsterDecidesRandomly(CharacterTests.java:325)
]]></failure>
  </testcase>
  <testcase name="checkHealthFunctionality" classname="project.assignment1.character.CharacterTests" time="0"/>
  <testcase name="checkIfPlayerDefenceLooksRandom" classname="project.assignment1.character.CharacterTests" time="0.013"/>
  <testcase name="checkIfMonsterDefenceLooksRandom" classname="project.assignment1.character.CharacterTests" time="0.009"/>
  <testcase name="checkPlayerClassSuccesfulAttack" classname="project.assignment1.character.CharacterTests" time="0.001">
    <failure message="&amp;#27;[47m&amp;#27;[30mMake sure the class Monster implements method hurtCharacter() as per T1.4 and all previous tasks have been completed.&amp;#27;[0mjava.lang.AssertionError: expected:&lt;50&gt; but was:&lt;100&gt;" type="java.lang.AssertionError"><![CDATA[java.lang.AssertionError: &amp#27;[47m&amp#27;[30mMake sure the class Monster implements method hurtCharacter() as per T1.4 and all previous tasks have been completed.&amp#27;[0mjava.lang.AssertionError: expected:<50> but was:<100>
	at project.assignment1.character.CharacterTests.checkPlayerClassSuccesfulAttack(CharacterTests.java:217)
]]></failure>
  </testcase>
  <testcase name="checkMonsterClassSuccesfulAttack" classname="project.assignment1.character.CharacterTests" time="0">
    <failure message="&amp;#27;[47m&amp;#27;[30mMake sure the class Monster implements method hurtCharacter() as per T1.4 and all previous tasks have been completed.&amp;#27;[0mjava.lang.AssertionError: expected:&lt;80&gt; but was:&lt;100&gt;" type="java.lang.AssertionError"><![CDATA[java.lang.AssertionError: &amp#27;[47m&amp#27;[30mMake sure the class Monster implements method hurtCharacter() as per T1.4 and all previous tasks have been completed.&amp#27;[0mjava.lang.AssertionError: expected:<80> but was:<100>
	at project.assignment1.character.CharacterTests.checkMonsterClassSuccesfulAttack(CharacterTests.java:119)
]]></failure>
  </testcase>
  <testcase name="checkSayName" classname="project.assignment1.character.CharacterTests" time="0.001"/>
  <testcase name="checkPlayerClassFailedfulAttack" classname="project.assignment1.character.CharacterTests" time="0"/>
</testsuite>