<?xml version="1.0" encoding="UTF-8"?>
<testsuite xmlns:xsi="http://www.w3.org/2001/XMLSchema-instance" xsi:noNamespaceSchemaLocation="https://maven.apache.org/surefire/maven-surefire-plugin/xsd/surefire-test-report.xsd" name="project.assignment1.character.CharacterTests" time="0.084" tests="9" errors="0" skipped="0" failures="0">
  <properties>
[...]
</properties>
  <testcase name="checkMonsterClassFailedfulAttack" classname="project.assignment1.character.CharacterTests" time="0.006"/>
  <testcase name="checkIfMonsterDecidesRandomly" classname="project.assignment1.character.CharacterTests" time="0.019"/>
  <testcase name="checkHealthFunctionality" classname="project.assignment1.character.CharacterTests" time="0.001"/>
  <testcase name="checkIfPlayerDefenceLooksRandom" classname="project.assignment1.character.CharacterTests" time="0.009"/>
  <testcase name="checkIfMonsterDefenceLooksRandom" classname="project.assignment1.character.CharacterTests" time="0.009"/>
  <testcase name="checkPlayerClassSuccesfulAttack" classname="project.assignment1.character.CharacterTests" time="0.002"/>
  <testcase name="checkMonsterClassSuccesfulAttack" classname="project.assignment1.character.CharacterTests" time="0.001"/>
  <testcase name="checkSayName" classname="project.assignment1.character.CharacterTests" time="0.001"/>
  <testcase name="checkPlayerClassFailedfulAttack" classname="project.assignment1.character.CharacterTests" time="0.001"/>
</testsuite>