<?xml version="1.0" encoding="UTF-8"?>
<testsuite xmlns:xsi="http://www.w3.org/2001/XMLSchema-instance" xsi:noNamespaceSchemaLocation="https://maven.apache.org/surefire/maven-surefire-plugin/xsd/surefire-test-report.xsd" name="project.assignment1.character.CharacterTests" time="0.051" tests="9" errors="0" skipped="0" failures="9">
  <properties>
[...]
</properties>
  <testcase name="checkMonsterClassFailedfulAttack" classname="project.assignment1.character.CharacterTests" time="0.005">
    <failure message="&amp;#27;[47m&amp;#27;[30mMake sure the class Monster implements method hurtCharacter() as per T1.4 and all previous tasks have been completed.&amp;#27;[0mjava.lang.AssertionError: expected:&lt;100&gt; but was:&lt;-1&gt;" type="java.lang.AssertionError"><![CDATA[java.lang.AssertionError: &amp#27;[47m&amp#27;[30mMake sure the class Monster implements method hurtCharacter() as per T1.4 and all previous tasks have been completed.&amp#27;[0mjava.lang.AssertionError: expected:<100> but was:<-1>
	at project.assignment1.character.CharacterTests.checkMonsterClassFailedfulAttack(CharacterTests.java:152)
]]></failure>
  </testcase>
  <testcase name="checkIfMonsterDecidesRandomly" classname="project.assignment1.character.CharacterTests" time="0.01">
    <failure message="&amp;#27;[47m&amp;#27;[30mMake sure the class Monster contains a method decideMove() as per T4.2 and all previous tasks have been completed.&amp;#27;[0mjava.lang.AssertionError: &amp;#27;[47m&amp;#27;[30mIs your method Monster.decideMove() really random Our test on 100k tries shows that these many decisions were generated for each category up:0 down:0 left:0 right:0 See task 1.5 instructions&amp;#27;[0m" type="java.lang.AssertionError"><![CDATA[java.lang.AssertionError: &amp#27;[47m&amp#27;[30mMake sure the class Monster contains a method decideMove() as per T4.2 and all previous tasks have been completed.&amp#27;[0mjava.lang.AssertionError: &amp#27;[47m&amp#27;[30mIs your method Monster.decideMove() really random Our test on 100k tries shows that these many decisions were generated for each category up:0 down:0 left:0 right:0 See task 1.5 instructions&amp#27;[0m
	at project.assignment1.character.CharacterTests.checkIfMonsterDecidesRandomly(CharacterTests.java:325)
]]></failure>
  </testcase>
  <testcase name="checkHealthFunctionality" classname="project.assignment1.character.CharacterTests" time="0.001">
    <failure message="&amp;#27;[47m&amp;#27;[30mMake sure the class GameCharacter contains methods getHealth()and setHealth() as per T1.3 &amp;#27;[0mjava.lang.AssertionError: expected:&lt;100&gt; but was:&lt;-1&gt;" type="java.lang.AssertionError"><![CDATA[java.lang.AssertionError: &amp#27;[47m&amp#27;[30mMake sure the class GameCharacter contains methods getHealth()and setHealth() as per T1.3 &amp#27;[0mjava.lang.AssertionError: expected:<100> but was:<-1>
	at project.assignment1.character.CharacterTests.checkHealthFunctionality(CharacterTests.java:86)
]]></failure>
  </testcase>
  <testcase name="checkIfPlayerDefenceLooksRandom" classname="project.assignment1.character.CharacterTests" time="0.004">
    <failure message="&amp;#27;[47m&amp;#27;[30mMake sure the class Monster implements method hurtCharacter() as per T1.4 and all previous tasks have been completed.&amp;#27;[0mjava.lang.AssertionError: &amp;#27;[47m&amp;#27;[30mIs your method Player.successfulDefence () really 30/70? Our test on 100k tries shows 100000:0 See task 1.5 instructions&amp;#27;[0m" type="java.lang.AssertionError"><![CDATA[java.lang.AssertionError: &amp#27;[47m&amp#27;[30mMake sure the class Monster implements method hurtCharacter() as per T1.4 and all previous tasks have been completed.&amp#27;[0mjava.lang.AssertionError: &amp#27;[47m&amp#27;[30mIs your method Player.successfulDefence () really 30/70? Our test on 100k tries shows 100000:0 See task 1.5 instructions&amp#27;[0m
	at project.assignment1.character.CharacterTests.checkIfPlayerDefenceLooksRandom(CharacterTests.java:282)
]]></failure>
  </testcase>
  <testcase name="checkIfMonsterDefenceLooksRandom" classname="project.assignment1.character.CharacterTests" time="0.004">
    <failure message="&amp;#27;[47m&amp;#27;[30mMake sure the class Monster implements method hurtCharacter() as per T1.4 and all previous tasks have been completed.&amp;#27;[0mjava.lang.AssertionError: &amp;#27;[47m&amp;#27;[30mIs your method Monster.successfulDefence () really random?&amp;#27;[0m" type="java.lang.AssertionError"><![CDATA[java.lang.AssertionError: &amp#27;[47m&amp#27;[30mMake sure the class Monster implements method hurtCharacter() as per T1.4 and all previous tasks have been completed.&amp#27;[0mjava.lang.AssertionError: &amp#27;[47m&amp#27;[30mIs your method Monster.successfulDefence () really random?&amp#27;[0m
	at project.assignment1.character.CharacterTests.checkIfMonsterDefenceLooksRandom(CharacterTests.java:184)
]]></failure>
  </testcase>
  <testcase name="checkPlayerClassSuccesfulAttack" classname="project.assignment1.character.CharacterTests" time="0.001">
    <failure message="&amp;#27;[47m&amp;#27;[30mMake sure the class Monster implements method hurtCharacter() as per T1.4 and all previous tasks have been completed.&amp;#27;[0mjava.lang.AssertionError: expected:&lt;50&gt; but was:&lt;-1&gt;" type="java.lang.AssertionError"><![CDATA[java.lang.AssertionError: &amp#27;[47m&amp#27;[30mMake sure the class Monster implements method hurtCharacter() as per T1.4 and all previous tasks have been completed.&amp#27;[0mjava.lang.AssertionError: expected:<50> but was:<-1>
	at project.assignment1.character.CharacterTests.checkPlayerClassSuccesfulAttack(CharacterTests.java:217)
]]></failure>
  </testcase>
  <testcase name="checkMonsterClassSuccesfulAttack" classname="project.assignment1.character.CharacterTests" time="0">
    <failure message="&amp;#27;[47m&amp;#27;[30mMake sure the class Monster implements method hurtCharacter() as per T1.4 and all previous tasks have been completed.&amp;#27;[0mjava.lang.AssertionError: expected:&lt;80&gt; but was:&lt;-1&gt;" type="java.lang.AssertionError"><![CDATA[java.lang.AssertionError: &amp#27;[47m&amp#27;[30mMake sure the class Monster implements method hurtCharacter() as per T1.4 and all previous tasks have been completed.&amp#27;[0mjava.lang.AssertionError: expected:<80> but was:<-1>
	at project.assignment1.character.CharacterTests.checkMonsterClassSuccesfulAttack(CharacterTests.java:119)
]]></failure>
  </testcase>
  <testcase name="checkSayName" classname="project.assignment1.character.CharacterTests" time="0.002">
    <failure message="&amp;#27;[47m&amp;#27;[30mMake sure the constructor of GameCharacter class is modified and sayName() method exist as per T1.2 &amp;#27;[0morg.junit.ComparisonFailure: expected:&lt;[milan]&gt; but was:&lt;[]&gt;" type="java.lang.AssertionError"><![CDATA[java.lang.AssertionError: &amp#27;[47m&amp#27;[30mMake sure the constructor of GameCharacter class is modified and sayName() method exist as per T1.2 &amp#27;[0morg.junit.ComparisonFailure: expected:<[milan]> but was:<[]>
	at project.assignment1.character.CharacterTests.checkSayName(CharacterTests.java:59)
]]></failure>
  </testcase>
  <testcase name="checkPlayerClassFailedfulAttack" classname="project.assignment1.character.CharacterTests" time="0">
    <failure message="&amp;#27;[47m&amp;#27;[30mMake sure the class Monster implements method hurtCharacter() as per T1.4 and all previous tasks have been completed.&amp;#27;[0mjava.lang.AssertionError: expected:&lt;100&gt; but was:&lt;-1&gt;" type="java.lang.AssertionError"><![CDATA[java.lang.AssertionError: &amp#27;[47m&amp#27;[30mMake sure the class Monster implements method hurtCharacter() as per T1.4 and all previous tasks have been completed.&amp#27;[0mjava.lang.AssertionError: expected:<100> but was:<-1>
	at project.assignment1.character.CharacterTests.checkPlayerClassFailedfulAttack(CharacterTests.java:250)
]]></failure>
  </testcase>
</testsuite>