<?xml version="1.0" encoding="UTF-8"?>
<testsuite xmlns:xsi="http://www.w3.org/2001/XMLSchema-instance" xsi:noNamespaceSchemaLocation="https://maven.apache.org/surefire/maven-surefire-plugin/xsd/surefire-test-report.xsd" name="project.assignment1.game.GameTests" time="2.056" tests="16" errors="0" skipped="0" failures="16">
  <properties>
    <property name="java.specification.version" value="17"/>
    <property name="sun.cpu.isalist" value="amd64"/>
    <property name="sun.jnu.encoding" value="Cp1252"/>
    <property name="java.class.path" value="C:\Users\mgary2\Desktop\ca1\rename-student_name\target\test-classes;C:\Users\mgary2\Desktop\ca1\rename-student_name\target\classes;C:\Users\mgary2\.m2\repository\junit\junit\4.11\junit-4.11.jar;C:\Users\mgary2\.m2\repository\org\hamcrest\hamcrest-core\1.3\hamcrest-core-1.3.jar;"/>
    <property name="java.vm.vendor" value="Oracle Corporation"/>
    <property name="sun.arch.data.model" value="64"/>
    <property name="user.variant" value=""/>
    <property name="java.vendor.url" value="https://java.oracle.com/"/>
    <property name="user.timezone" value="America/New_York"/>
    <property name="os.name" value="Windows 10"/>
    <property name="java.vm.specification.version" value="17"/>
    <property name="sun.java.launcher" value="SUN_STANDARD"/>
    <property name="user.country" value="US"/>
    <property name="sun.boot.library.path" value="C:\Program Files\Java\jdk-17.0.1\bin"/>
    <property name="sun.java.command" value="C:\Users\mgary2\AppData\Local\Temp\surefire11383228701975246754\surefirebooter11087437107048026254.jar C:\Users\mgary2\AppData\Local\Temp\surefire11383228701975246754 2021-11-11T16-32-25_225-jvmRun1 surefire5323191325570034149tmp surefire_09592259277658668533tmp"/>
    <property name="jdk.debug" value="release"/>
    <property name="surefire.test.class.path" value="C:\Users\mgary2\Desktop\ca1\rename-student_name\target\test-classes;C:\Users\mgary2\Desktop\ca1\rename-student_name\target\classes;C:\Users\mgary2\.m2\repository\junit\junit\4.11\junit-4.11.jar;C:\Users\mgary2\.m2\repository\org\hamcrest\hamcrest-core\1.3\hamcrest-core-1.3.jar;"/>
    <property name="sun.cpu.endian" value="little"/>
    <property name="user.home" value="C:\Users\mgary2"/>
    <property name="user.language" value="en"/>
    <property name="java.specification.vendor" value="Oracle Corporation"/>
    <property name="java.version.date" value="2021-10-19"/>
    <property name="java.home" value="C:\Program Files\Java\jdk-17.0.1"/>
    <property name="file.separator" value="\"/>
    <property name="basedir" value="C:\Users\mgary2\Desktop\ca1\rename-student_name"/>
    <property name="java.vm.compressedOopsMode" value="Zero based"/>
    <property name="line.separator" value="&#10;"/>
    <property name="java.vm.specification.vendor" value="Oracle Corporation"/>
    <property name="java.specification.name" value="Java Platform API Specification"/>
    <property name="surefire.real.class.path" value="C:\Users\mgary2\AppData\Local\Temp\surefire11383228701975246754\surefirebooter11087437107048026254.jar"/>
    <property name="user.script" value=""/>
    <property name="sun.management.compiler" value="HotSpot 64-Bit Tiered Compilers"/>
    <property name="java.runtime.version" value="17.0.1+12-LTS-39"/>
    <property name="user.name" value="mgary2"/>
    <property name="path.separator" value=";"/>
    <property name="os.version" value="10.0"/>
    <property name="java.runtime.name" value="Java(TM) SE Runtime Environment"/>
    <property name="file.encoding" value="Cp1252"/>
    <property name="java.vm.name" value="Java HotSpot(TM) 64-Bit Server VM"/>
    <property name="localRepository" value="C:\Users\mgary2\.m2\repository"/>
    <property name="java.vendor.url.bug" value="https://bugreport.java.com/bugreport/"/>
    <property name="java.io.tmpdir" value="C:\Users\mgary2\AppData\Local\Temp\"/>
    <property name="java.version" value="17.0.1"/>
    <property name="user.dir" value="C:\Users\mgary2\Desktop\ca1\rename-student_name"/>
    <property name="os.arch" value="amd64"/>
    <property name="java.vm.specification.name" value="Java Virtual Machine Specification"/>
    <property name="sun.os.patch.level" value=""/>
    <property name="native.encoding" value="Cp1252"/>
    <property name="java.library.path" value="C:\Program Files\Java\jdk-17.0.1\bin;C:\Windows\Sun\Java\bin;C:\Windows\system32;C:\Windows;C:\Users\mgary2\bin;C:\Program Files\Git\mingw64\bin;C:\Program Files\Git\usr\local\bin;C:\Program Files\Git\usr\bin;C:\Program Files\Git\usr\bin;C:\Program Files\Git\mingw64\bin;C:\Program Files\Git\usr\bin;C:\Users\mgary2\bin;C:\Users\mgary2\Downloads\apache-maven-3.8.3-bin\apache-maven-3.8.3\bin;C:\Users\mgary2\AppData\Local\Microsoft\WindowsApps;C:\Program Files\Git\usr\bin\vendor_perl;C:\Program Files\Git\usr\bin\core_perl;."/>
    <property name="java.vm.info" value="mixed mode, sharing"/>
    <property name="java.vendor" value="Oracle Corporation"/>
    <property name="java.vm.version" value="17.0.1+12-LTS-39"/>
    <property name="sun.io.unicode.encoding" value="UnicodeLittle"/>
    <property name="java.class.version" value="61.0"/>
  </properties>
  <testcase name="checkMarkingKilledMonster" classname="project.assignment1.game.GameTests" time="0">
    <failure message="&amp;#27;[47m&amp;#27;[30mSomething is not right. It seems that it is not possible to kill a monster...   Check Task 5.2&amp;#27;[0mjava.lang.NullPointerException: Cannot load from object array because &quot;map.characters&quot; is null" type="java.lang.AssertionError"><![CDATA[java.lang.AssertionError: &amp#27;[47m&amp#27;[30mSomething is not right. It seems that it is not possible to kill a monster...   Check Task 5.2&amp#27;[0mjava.lang.NullPointerException: Cannot load from object array because "map.characters" is null
	at project.assignment1.game.GameTests.checkMarkingKilledMonster(GameTests.java:641)
]]></failure>
  </testcase>
  <testcase name="checkMoveCharacterFull" classname="project.assignment1.game.GameTests" time="0">
    <failure message="&amp;#27;[47m&amp;#27;[30mSomething is not right.  Check Task 3.4&amp;#27;[0mjava.lang.NullPointerException: Cannot load from object array because &quot;map.characters&quot; is null" type="java.lang.AssertionError"><![CDATA[java.lang.AssertionError: &amp#27;[47m&amp#27;[30mSomething is not right.  Check Task 3.4&amp#27;[0mjava.lang.NullPointerException: Cannot load from object array because "map.characters" is null
	at project.assignment1.game.GameTests.checkMoveCharacterFull(GameTests.java:401)
]]></failure>
  </testcase>
  <testcase name="checkEndGame" classname="project.assignment1.game.GameTests" time="0">
    <failure message="&amp;#27;[47m&amp;#27;[30mSomething is not right. It seems that it is not possible to win or lose the game.   Check Task 5.5&amp;#27;[0mjava.lang.NullPointerException: Cannot read field &quot;characters&quot; because &quot;map&quot; is null" type="java.lang.AssertionError"><![CDATA[java.lang.AssertionError: &amp#27;[47m&amp#27;[30mSomething is not right. It seems that it is not possible to win or lose the game.   Check Task 5.5&amp#27;[0mjava.lang.NullPointerException: Cannot read field "characters" because "map" is null
	at project.assignment1.game.GameTests.checkEndGame(GameTests.java:684)
]]></failure>
  </testcase>
  <testcase name="checkCharactersArray" classname="project.assignment1.game.GameTests" time="0">
    <failure message="&amp;#27;[47m&amp;#27;[30mDid you create a constructor for the Map class? Is the characters array public and of size 4? Did you create teh 2D array layot as specified? Check Task 2.1&amp;#27;[0mjava.lang.NullPointerException: Cannot read the array length because &quot;map.characters&quot; is null" type="java.lang.AssertionError"><![CDATA[java.lang.AssertionError: &amp#27;[47m&amp#27;[30mDid you create a constructor for the Map class? Is the characters array public and of size 4? Did you create teh 2D array layot as specified? Check Task 2.1&amp#27;[0mjava.lang.NullPointerException: Cannot read the array length because "map.characters" is null
	at project.assignment1.game.GameTests.checkCharactersArray(GameTests.java:73)
]]></failure>
  </testcase>
  <testcase name="checkPlayerAndMonsterPositionInLayout" classname="project.assignment1.game.GameTests" time="0">
    <failure message="&amp;#27;[47m&amp;#27;[30mSomething is not right.  Check Task 2.5&amp;#27;[0mjava.lang.AssertionError: expected:&lt;146&gt; but was:&lt;0&gt;" type="java.lang.AssertionError"><![CDATA[java.lang.AssertionError: &amp#27;[47m&amp#27;[30mSomething is not right.  Check Task 2.5&amp#27;[0mjava.lang.AssertionError: expected:<146> but was:<0>
	at project.assignment1.game.GameTests.checkPlayerAndMonsterPositionInLayout(GameTests.java:190)
]]></failure>
  </testcase>
  <testcase name="checkLayoutInitialization" classname="project.assignment1.game.GameTests" time="0">
    <failure message="&amp;#27;[47m&amp;#27;[30mSomething is not right with the layout variable. Are you populating teh empty fields with &apos;.&apos;? Check Task 2.2&amp;#27;[0mjava.lang.AssertionError" type="java.lang.AssertionError"><![CDATA[java.lang.AssertionError: &amp#27;[47m&amp#27;[30mSomething is not right with the layout variable. Are you populating teh empty fields with '.'? Check Task 2.2&amp#27;[0mjava.lang.AssertionError
	at project.assignment1.game.GameTests.checkLayoutInitialization(GameTests.java:116)
]]></failure>
  </testcase>
  <testcase name="checkHealthInformationPrinted" classname="project.assignment1.game.GameTests" time="0">
    <failure message="&amp;#27;[47m&amp;#27;[30mSomething is not right. Are you printing the health information    Check Task 5.1&amp;#27;[0mjava.lang.AssertionError: expected:&lt;1&gt; but was:&lt;0&gt;" type="java.lang.AssertionError"><![CDATA[java.lang.AssertionError: &amp#27;[47m&amp#27;[30mSomething is not right. Are you printing the health information    Check Task 5.1&amp#27;[0mjava.lang.AssertionError: expected:<1> but was:<0>
	at project.assignment1.game.GameTests.checkHealthInformationPrinted(GameTests.java:547)
]]></failure>
  </testcase>
  <testcase name="checkMoveCharacter" classname="project.assignment1.game.GameTests" time="0.039">
    <failure message="&amp;#27;[47m&amp;#27;[30mSomething is not right. moveCharacter method must print exactly this sentence when the use rinput is incorrect: &apos;Use only keywords up, down, left, right&apos; Check Task 3.3&amp;#27;[0mjava.lang.AssertionError" type="java.lang.AssertionError"><![CDATA[java.lang.AssertionError: &amp#27;[47m&amp#27;[30mSomething is not right. moveCharacter method must print exactly this sentence when the use rinput is incorrect: 'Use only keywords up, down, left, right' Check Task 3.3&amp#27;[0mjava.lang.AssertionError
	at project.assignment1.game.GameTests.checkMoveCharacter(GameTests.java:322)
]]></failure>
  </testcase>
  <testcase name="checkMoveToOccupiedField" classname="project.assignment1.game.GameTests" time="0">
    <failure message="&amp;#27;[47m&amp;#27;[30mSomething is not right.    Check Task 4.4&amp;#27;[0mjava.lang.NullPointerException: Cannot load from object array because &quot;map.characters&quot; is null" type="java.lang.AssertionError"><![CDATA[java.lang.AssertionError: &amp#27;[47m&amp#27;[30mSomething is not right.    Check Task 4.4&amp#27;[0mjava.lang.NullPointerException: Cannot load from object array because "map.characters" is null
	at project.assignment1.game.GameTests.checkMoveToOccupiedField(GameTests.java:517)
]]></failure>
  </testcase>
  <testcase name="checkRunGameMain" classname="project.assignment1.game.GameTests" time="1.007">
    <failure message="&amp;#27;[47m&amp;#27;[30mSomething is not right.  Check Task 3.1&amp;#27;[0mjava.lang.AssertionError: expected:&lt;146&gt; but was:&lt;0&gt;" type="java.lang.AssertionError"><![CDATA[java.lang.AssertionError: &amp#27;[47m&amp#27;[30mSomething is not right.  Check Task 3.1&amp#27;[0mjava.lang.AssertionError: expected:<146> but was:<0>
	at project.assignment1.game.GameTests.checkRunGameMain(GameTests.java:238)
]]></failure>
  </testcase>
  <testcase name="checkPlayerAndMonsterPosition" classname="project.assignment1.game.GameTests" time="0.001">
    <failure message="&amp;#27;[47m&amp;#27;[30mSomething is not right with initialising players and monsters.  Check Task 2.4&amp;#27;[0mjava.lang.NullPointerException: Cannot load from object array because &quot;map.characters&quot; is null" type="java.lang.AssertionError"><![CDATA[java.lang.AssertionError: &amp#27;[47m&amp#27;[30mSomething is not right with initialising players and monsters.  Check Task 2.4&amp#27;[0mjava.lang.NullPointerException: Cannot load from object array because "map.characters" is null
	at project.assignment1.game.GameTests.checkPlayerAndMonsterPosition(GameTests.java:145)
]]></failure>
  </testcase>
  <testcase name="checkKillingPlayer" classname="project.assignment1.game.GameTests" time="0">
    <failure message="&amp;#27;[47m&amp;#27;[30mSomething is not right. It seems that monster can&apos;t kill the player...   Check Task 5.3&amp;#27;[0mjava.lang.NullPointerException: Cannot load from object array because &quot;map.characters&quot; is null" type="java.lang.AssertionError"><![CDATA[java.lang.AssertionError: &amp#27;[47m&amp#27;[30mSomething is not right. It seems that monster can't kill the player...   Check Task 5.3&amp#27;[0mjava.lang.NullPointerException: Cannot load from object array because "map.characters" is null
	at project.assignment1.game.GameTests.checkKillingPlayer(GameTests.java:606)
]]></failure>
  </testcase>
  <testcase name="checkRunGameMainWithUserInput" classname="project.assignment1.game.GameTests" time="1.007">
    <failure message="&amp;#27;[47m&amp;#27;[30mSomething is not right.  Check Task 3.2&amp;#27;[0mjava.lang.AssertionError" type="java.lang.AssertionError"><![CDATA[java.lang.AssertionError: &amp#27;[47m&amp#27;[30mSomething is not right.  Check Task 3.2&amp#27;[0mjava.lang.AssertionError
	at project.assignment1.game.GameTests.checkRunGameMainWithUserInput(GameTests.java:290)
]]></failure>
  </testcase>
  <testcase name="checkMoveOfPlayers" classname="project.assignment1.game.GameTests" time="0">
    <failure message="&amp;#27;[47m&amp;#27;[30mSomething is not right.  Check Task 4.3&amp;#27;[0mjava.lang.NullPointerException: Cannot read field &quot;layout&quot; because the return value of &quot;project.assignment1.game.Game.getMap()&quot; is null" type="java.lang.AssertionError"><![CDATA[java.lang.AssertionError: &amp#27;[47m&amp#27;[30mSomething is not right.  Check Task 4.3&amp#27;[0mjava.lang.NullPointerException: Cannot read field "layout" because the return value of "project.assignment1.game.Game.getMap()" is null
	at project.assignment1.game.GameTests.checkMoveOfPlayers(GameTests.java:492)
]]></failure>
  </testcase>
  <testcase name="checkKillingMonster" classname="project.assignment1.game.GameTests" time="0">
    <failure message="&amp;#27;[47m&amp;#27;[30mSomething is not right. It seems that it is not possible to kill a monster...   Check Task 5.2&amp;#27;[0mjava.lang.NullPointerException: Cannot load from object array because &quot;map.characters&quot; is null" type="java.lang.AssertionError"><![CDATA[java.lang.AssertionError: &amp#27;[47m&amp#27;[30mSomething is not right. It seems that it is not possible to kill a monster...   Check Task 5.2&amp#27;[0mjava.lang.NullPointerException: Cannot load from object array because "map.characters" is null
	at project.assignment1.game.GameTests.checkKillingMonster(GameTests.java:576)
]]></failure>
  </testcase>
  <testcase name="checkMoveIntoWall" classname="project.assignment1.game.GameTests" time="0.001">
    <failure message="&amp;#27;[47m&amp;#27;[30mSomething is not right.  Check Task 4.1&amp;#27;[0mjava.lang.NullPointerException: Cannot load from object array because &quot;map.characters&quot; is null" type="java.lang.AssertionError"><![CDATA[java.lang.AssertionError: &amp#27;[47m&amp#27;[30mSomething is not right.  Check Task 4.1&amp#27;[0mjava.lang.NullPointerException: Cannot load from object array because "map.characters" is null
	at project.assignment1.game.GameTests.checkMoveIntoWall(GameTests.java:450)
]]></failure>
  </testcase>
</testsuite>