<?xml version="1.0" encoding="UTF-8"?>
<testsuite xmlns:xsi="http://www.w3.org/2001/XMLSchema-instance" xsi:noNamespaceSchemaLocation="https://maven.apache.org/surefire/maven-surefire-plugin/xsd/surefire-test-report.xsd" name="project.assignment1.character.CharacterTests" time="0.068" tests="9" errors="0" skipped="0" failures="3">
  <properties>
[...]
</properties>
  <testcase name="checkMonsterClassFailedfulAttack" classname="project.assignment1.character.CharacterTests" time="0.002"/>
  <testcase name="checkIfMonsterDecidesRandomly" classname="project.assignment1.character.CharacterTests" time="0.014">
    <failure message="&amp;#27;[47m&amp;#27;[30mMake sure the class Monster contains a method decideMove() as per T4.2 and all previous tasks have been completed.&amp;#27;[0mjava.lang.AssertionError: &amp;#27;[47m&amp;#27;[30mIs your method Monster.decideMove() really random Our test on 100k tries shows that these many decisions were generated for each category up:0 down:0 left:0 right:0 See task 1.5 instructions&amp;#27;[0m" type="java.lang.AssertionError"><![CDATA[java.lang.AssertionError: &amp#27;[47m&amp#27;[30mMake sure the class Monster contains a method decideMove() as per T4.2 and all previous tasks have been completed.&amp#27;[0mjava.lang.AssertionError: &amp#27;[47m&amp#27;[30mIs your method Monster.decideMove() really random Our test on 100k tries shows that these many decisions were generated for each category up:0 down:0 left:0 right:0 See task 1.5 instructions&amp#27;[0m
	at project.assignment1.character.CharacterTests.checkIfMonsterDecidesRandomly(CharacterTests.java:325)
]]></failure>
  </testcase>
  <testcase name="checkHealthFunctionality" classname="project.assignment1.character.CharacterTests" time="0"/>
  <testcase name="checkIfPlayerDefenceLooksRandom" classname="project.assignment1.character.CharacterTests" time="0.013"/>
  <testcase name="checkIfMonsterDefenceLooksRandom" classname="project.assignment1.character.CharacterTests" time="0.009"/>
  <testcase name="checkPlayerClassSuccesfulAttack" classname="project.assignment1.character.CharacterTests" time="0.001">
    <failure message="&amp;#27;[47m&amp;#27;[30mMake sure the class Monster implements method hurtCharacter() as per T1.4 and all previous tasks have been completed.&amp;#27;[0mjava.lang.AssertionError: expected:&lt;50&gt; but was:&lt;100&gt;" type="java.lang.AssertionError"><![CDATA[java.lang.AssertionError: &amp#27;[47m&amp#27;[30mMake sure the class Monster implements method hurtCharacter() as per T1.4 and all previous tasks have been completed.&amp#27;[0mjava.lang.AssertionError: expected:<50> but was:<100>
	at project.assignment1.character.CharacterTests.checkPlayerClassSuccesfulAttack(CharacterTests.java:217)
]]></failure>
  </testcase>
  <testcase name="checkMonsterClassSuccesfulAttack" classname="project.assignment1.character.CharacterTests" time="0">
    <failure message="&amp;#27;[47m&amp;#27;[30mMake sure the class Monster implements method hurtCharacter() as per T1.4 and all previous tasks have been completed.&amp;#27;[0mjava.lang.AssertionError: expected:&lt;80&gt; but was:&lt;100&gt;" type="java.lang.AssertionError"><![CDATA[java.lang.AssertionError: &amp#27;[47m&amp#27;[30mMake sure the class Monster implements method hurtCharacter() as per T1.4 and all previous tasks have been completed.&amp#27;[0mjava.lang.AssertionError: expected:<80> but was:<100>
	at project.assignment1.character.CharacterTests.checkMonsterClassSuccesfulAttack(CharacterTests.java:119)
]]></failure>
  </testcase>
  <testcase name="checkSayName" classname="project.assignment1.character.CharacterTests" time="0.001"/>
  <testcase name="checkPlayerClassFailedfulAttack" classname="project.assignment1.character.CharacterTests" time="0"/>
</testsuite>